2022-05-14 13:15:18,137 [Worker-5: Loading available Gradle versions] INFO  o.e.b.c.i.u.g.PublishedGradleVersions - Gradle version information cache is up-to-date. Trying to read.
2022-05-14 13:26:01,847 [Worker-4: Loading available Gradle versions] INFO  o.e.b.c.i.u.g.PublishedGradleVersions - Gradle version information cache is up-to-date. Trying to read.
2022-05-14 13:26:40,961 [Worker-8: Updating Maven Dependencies] INFO  o.e.m.c.i.l.LifecycleMappingFactory - Using org.maven.ide.eclipse.wtp.WarLifecycleMapping lifecycle mapping for MavenProject: com.BillingFrontEnd:BillingFrontEnd:0.0.1-SNAPSHOT @ C:\Users\A\Desktop\puf\ElectroGrid-EG---IT19982212-main\BillingFrontEnd\pom.xml.
2022-05-14 13:27:23,303 [Worker-0: Building] WARN  o.e.m.c.i.embedder.EclipseLogger - Using platform encoding (Cp1252 actually) to copy filtered resources, i.e. build is platform dependent!
2022-05-14 13:27:23,306 [Worker-0: Building] INFO  o.e.m.c.i.embedder.EclipseLogger - skip non existing resourceDirectory C:\Users\A\Desktop\puf\ElectroGrid-EG---IT19982212-main\BillingFrontEnd\src\main\resources
2022-05-14 13:27:23,311 [Worker-0: Building] WARN  o.e.m.c.i.embedder.EclipseLogger - Using platform encoding (Cp1252 actually) to copy filtered resources, i.e. build is platform dependent!
2022-05-14 13:27:23,313 [Worker-0: Building] INFO  o.e.m.c.i.embedder.EclipseLogger - skip non existing resourceDirectory C:\Users\A\Desktop\puf\ElectroGrid-EG---IT19982212-main\BillingFrontEnd\src\test\resources
2022-05-14 13:28:54,327 [Worker-2: Building] WARN  o.e.m.c.i.embedder.EclipseLogger - Using platform encoding (Cp1252 actually) to copy filtered resources, i.e. build is platform dependent!
2022-05-14 13:28:54,329 [Worker-2: Building] INFO  o.e.m.c.i.embedder.EclipseLogger - skip non existing resourceDirectory C:\Users\A\Desktop\puf\ElectroGrid-EG---IT19982212-main\BillingFrontEnd\src\main\resources
2022-05-14 13:28:54,333 [Worker-2: Building] WARN  o.e.m.c.i.embedder.EclipseLogger - Using platform encoding (Cp1252 actually) to copy filtered resources, i.e. build is platform dependent!
2022-05-14 13:28:54,335 [Worker-2: Building] INFO  o.e.m.c.i.embedder.EclipseLogger - skip non existing resourceDirectory C:\Users\A\Desktop\puf\ElectroGrid-EG---IT19982212-main\BillingFrontEnd\src\test\resources
2022-05-14 13:29:02,899 [Worker-1: Building] WARN  o.e.m.c.i.embedder.EclipseLogger - Using platform encoding (Cp1252 actually) to copy filtered resources, i.e. build is platform dependent!
2022-05-14 13:29:02,901 [Worker-1: Building] INFO  o.e.m.c.i.embedder.EclipseLogger - skip non existing resourceDirectory C:\Users\A\Desktop\puf\ElectroGrid-EG---IT19982212-main\BillingFrontEnd\src\main\resources
2022-05-14 13:29:02,904 [Worker-1: Building] WARN  o.e.m.c.i.embedder.EclipseLogger - Using platform encoding (Cp1252 actually) to copy filtered resources, i.e. build is platform dependent!
2022-05-14 13:29:02,906 [Worker-1: Building] INFO  o.e.m.c.i.embedder.EclipseLogger - skip non existing resourceDirectory C:\Users\A\Desktop\puf\ElectroGrid-EG---IT19982212-main\BillingFrontEnd\src\test\resources
2022-05-14 13:29:06,680 [Worker-8: Building] WARN  o.e.m.c.i.embedder.EclipseLogger - Using platform encoding (Cp1252 actually) to copy filtered resources, i.e. build is platform dependent!
2022-05-14 13:29:06,950 [Worker-8: Building] INFO  o.e.m.c.i.embedder.EclipseLogger - skip non existing resourceDirectory C:\Users\A\Desktop\puf\ElectroGrid-EG---IT19982212-main\BillingFrontEnd\src\main\resources
2022-05-14 13:29:06,952 [Worker-8: Building] WARN  o.e.m.c.i.embedder.EclipseLogger - Using platform encoding (Cp1252 actually) to copy filtered resources, i.e. build is platform dependent!
2022-05-14 13:29:06,954 [Worker-8: Building] INFO  o.e.m.c.i.embedder.EclipseLogger - skip non existing resourceDirectory C:\Users\A\Desktop\puf\ElectroGrid-EG---IT19982212-main\BillingFrontEnd\src\test\resources
2022-05-14 14:51:37,231 [Worker-22: Enabling Maven Dependency Management] INFO  o.e.m.c.i.l.LifecycleMappingFactory - Using org.eclipse.m2e.jdt.JarLifecycleMapping lifecycle mapping for MavenProject: com.ElectroGrid-EG---IT19982212-main:ElectroGrid-EG---IT19982212-main:0.0.1-SNAPSHOT @ C:\Users\A\Desktop\puf\ElectroGrid-EG---IT20172596-main\pom.xml.
2022-05-14 14:51:38,721 [Worker-22: Enabling Maven Dependency Management] INFO  o.e.m.j.i.AbstractJavaProjectConfigurator - Adding source folder /ElectroGrid-EG---IT19982212-main/src/main/java
2022-05-14 14:51:38,723 [Worker-22: Enabling Maven Dependency Management] INFO  o.e.m.j.i.AbstractJavaProjectConfigurator - Adding source folder /ElectroGrid-EG---IT19982212-main/src/test/java
2022-05-14 14:51:39,194 [Worker-22: Enabling Maven Dependency Management] INFO  o.e.m.c.i.p.ProjectConfigurationManager - Update started
2022-05-14 14:51:39,919 [Worker-22: Enabling Maven Dependency Management] INFO  o.e.m.c.i.l.LifecycleMappingFactory - Using org.eclipse.m2e.jdt.JarLifecycleMapping lifecycle mapping for MavenProject: com.ElectroGrid-EG---IT19982212-main:ElectroGrid-EG---IT19982212-main:0.0.1-SNAPSHOT @ C:\Users\A\Desktop\puf\ElectroGrid-EG---IT20172596-main\pom.xml.
2022-05-14 14:51:40,368 [Worker-22: Enabling Maven Dependency Management] INFO  o.e.m.j.i.AbstractJavaProjectConfigurator - Adding source folder /ElectroGrid-EG---IT19982212-main/src/main/java
2022-05-14 14:51:40,370 [Worker-22: Enabling Maven Dependency Management] INFO  o.e.m.j.i.AbstractJavaProjectConfigurator - Adding source folder /ElectroGrid-EG---IT19982212-main/src/test/java
2022-05-14 14:51:40,434 [Worker-22: Enabling Maven Dependency Management] INFO  o.e.m.c.i.p.ProjectConfigurationManager - Update completed: 1 sec
2022-05-14 14:51:40,682 [Worker-36: Building] WARN  o.e.m.c.i.embedder.EclipseLogger - Using platform encoding (Cp1252 actually) to copy filtered resources, i.e. build is platform dependent!
2022-05-14 14:51:40,684 [Worker-36: Building] INFO  o.e.m.c.i.embedder.EclipseLogger - skip non existing resourceDirectory C:\Users\A\Desktop\puf\ElectroGrid-EG---IT20172596-main\src\main\resources
2022-05-14 14:51:40,689 [Worker-36: Building] WARN  o.e.m.c.i.embedder.EclipseLogger - Using platform encoding (Cp1252 actually) to copy filtered resources, i.e. build is platform dependent!
2022-05-14 14:51:40,690 [Worker-36: Building] INFO  o.e.m.c.i.embedder.EclipseLogger - skip non existing resourceDirectory C:\Users\A\Desktop\puf\ElectroGrid-EG---IT20172596-main\src\test\resources
